<?xml version="1.0" encoding="UTF-8"?>
<!-- Generated by org.testng.reporters.JUnitReportReporter -->
<testsuite hostname="DESKTOP-HQL3KN4" failures="0" tests="1" name="practice.BrokenLinkTest" time="24.187" errors="0" timestamp="10 Mar 2023 17:06:14 GMT" skipped="0">
  <testcase classname="practice.BrokenLinkTest" name="brokenLinkTest" time="24.187"/>
</testsuite> <!-- practice.BrokenLinkTest -->
