<?xml version="1.0" encoding="UTF-8"?>
<!-- Generated by org.testng.reporters.JUnitReportReporter -->
<testsuite hostname="DESKTOP-HQL3KN4" failures="0" tests="3" name="DistributionParallel.Test2" time="0.037" errors="0" timestamp="2023-03-16T10:45:12 IST" skipped="0">
  <testcase classname="DistributionParallel.Test2" name="demo4" time="0.030"/>
  <system-out/>
  <testcase classname="DistributionParallel.Test2" name="demo5" time="0.002"/>
  <system-out/>
  <testcase classname="DistributionParallel.Test2" name="demo6" time="0.005"/>
  <system-out/>
</testsuite> <!-- DistributionParallel.Test2 -->
