<?xml version="1.0" encoding="UTF-8"?>
<!-- Generated by org.testng.reporters.JUnitReportReporter -->
<testsuite hostname="DESKTOP-HQL3KN4" failures="0" tests="1" name="testNG.Batchexcuetion2$BatchExcuetion" time="0.005" errors="0" timestamp="10 Mar 2023 17:06:14 GMT" skipped="0">
  <testcase classname="testNG.Batchexcuetion2$BatchExcuetion" name="TestB" time="0.005"/>
</testsuite> <!-- testNG.Batchexcuetion2$BatchExcuetion -->
