<?xml version="1.0" encoding="UTF-8"?>
<!-- Generated by org.testng.reporters.JUnitReportReporter -->
<testsuite hostname="DESKTOP-HQL3KN4" failures="0" tests="3" name="DistributionParallel.Test1" time="0.042" errors="0" timestamp="2023-03-16T10:45:12 IST" skipped="0">
  <testcase classname="DistributionParallel.Test1" name="demo1" time="0.031"/>
  <system-out/>
  <testcase classname="DistributionParallel.Test1" name="demo3" time="0.005"/>
  <system-out/>
  <testcase classname="DistributionParallel.Test1" name="demo2" time="0.006"/>
  <system-out/>
</testsuite> <!-- DistributionParallel.Test1 -->
