<?xml version="1.0" encoding="UTF-8"?>
<!-- Generated by org.testng.reporters.JUnitReportReporter -->
<testsuite hostname="DESKTOP-HQL3KN4" failures="0" tests="1" name="testNG.BatchExcuetion" time="0.039" errors="0" timestamp="10 Mar 2023 17:06:14 GMT" skipped="0">
  <testcase classname="testNG.BatchExcuetion" name="TestA" time="0.039"/>
</testsuite> <!-- testNG.BatchExcuetion -->
